<?xml version="1.0" encoding="UTF-8"?>
<coverage generated="1606107391847" clover="3.2.0">
  <project timestamp="1606107391847" name="All files">
    <metrics statements="11" coveredstatements="7" conditionals="0" coveredconditionals="0" methods="6" coveredmethods="4" elements="17" coveredelements="11" complexity="0" loc="11" ncloc="11" packages="1" files="2" classes="2"/>
    <file name="Message.js" path="C:\Users\ytdan\PhpstormProjects\html-chat\html-chat\src\components\Message.js">
      <metrics statements="2" coveredstatements="2" conditionals="0" coveredconditionals="0" methods="1" coveredmethods="1"/>
      <line num="5" count="2" type="stmt"/>
      <line num="6" count="2" type="stmt"/>
    </file>
    <file name="MessageForm.js" path="C:\Users\ytdan\PhpstormProjects\html-chat\html-chat\src\components\MessageForm.js">
      <metrics statements="9" coveredstatements="5" conditionals="0" coveredconditionals="0" methods="5" coveredmethods="3"/>
      <line num="5" count="1" type="stmt"/>
      <line num="6" count="1" type="stmt"/>
      <line num="12" count="0" type="stmt"/>
      <line num="13" count="0" type="stmt"/>
      <line num="16" count="0" type="stmt"/>
      <line num="20" count="2" type="stmt"/>
      <line num="22" count="2" type="stmt"/>
      <line num="23" count="0" type="stmt"/>
      <line num="28" count="1" type="stmt"/>
    </file>
  </project>
</coverage>
