{"C:\\Users\\ytdan\\PhpstormProjects\\html-chat\\html-chat\\src\\components\\Message.js": {"path":"C:\\Users\\ytdan\\PhpstormProjects\\html-chat\\html-chat\\src\\components\\Message.js","statementMap":{"0":{"start":{"line":5,"column":38},"end":{"line":5,"column":48}},"1":{"start":{"line":6,"column":8},"end":{"line":11,"column":10}}},"fnMap":{"0":{"name":"(anonymous_0)","decl":{"start":{"line":4,"column":4},"end":{"line":4,"column":5}},"loc":{"start":{"line":4,"column":13},"end":{"line":12,"column":5}},"line":4}},"branchMap":{},"s":{"0":2,"1":2},"f":{"0":2},"b":{},"_coverageSchema":"1a1c01bbd47fc00a2c39e90264f33305004495a9","hash":"819cfbc8a6db8cd7f651908ef24c765e60fe8a44"}
,"C:\\Users\\ytdan\\PhpstormProjects\\html-chat\\html-chat\\src\\components\\MessageForm.js": {"path":"C:\\Users\\ytdan\\PhpstormProjects\\html-chat\\html-chat\\src\\components\\MessageForm.js","statementMap":{"0":{"start":{"line":5,"column":8},"end":{"line":5,"column":21}},"1":{"start":{"line":6,"column":8},"end":{"line":8,"column":10}},"2":{"start":{"line":12,"column":8},"end":{"line":12,"column":31}},"3":{"start":{"line":13,"column":8},"end":{"line":15,"column":11}},"4":{"start":{"line":16,"column":8},"end":{"line":16,"column":39}},"5":{"start":{"line":20,"column":28},"end":{"line":20,"column":38}},"6":{"start":{"line":22,"column":8},"end":{"line":33,"column":10}},"7":{"start":{"line":23,"column":62},"end":{"line":23,"column":84}},"8":{"start":{"line":28,"column":35},"end":{"line":28,"column":77}}},"fnMap":{"0":{"name":"(anonymous_0)","decl":{"start":{"line":4,"column":4},"end":{"line":4,"column":5}},"loc":{"start":{"line":4,"column":23},"end":{"line":9,"column":5}},"line":4},"1":{"name":"(anonymous_1)","decl":{"start":{"line":11,"column":4},"end":{"line":11,"column":5}},"loc":{"start":{"line":11,"column":22},"end":{"line":17,"column":5}},"line":11},"2":{"name":"(anonymous_2)","decl":{"start":{"line":19,"column":4},"end":{"line":19,"column":5}},"loc":{"start":{"line":19,"column":13},"end":{"line":34,"column":5}},"line":19},"3":{"name":"(anonymous_3)","decl":{"start":{"line":23,"column":53},"end":{"line":23,"column":54}},"loc":{"start":{"line":23,"column":62},"end":{"line":23,"column":84}},"line":23},"4":{"name":"(anonymous_4)","decl":{"start":{"line":28,"column":30},"end":{"line":28,"column":31}},"loc":{"start":{"line":28,"column":35},"end":{"line":28,"column":77}},"line":28}},"branchMap":{},"s":{"0":1,"1":1,"2":0,"3":0,"4":0,"5":2,"6":2,"7":0,"8":1},"f":{"0":1,"1":0,"2":2,"3":0,"4":1},"b":{},"_coverageSchema":"1a1c01bbd47fc00a2c39e90264f33305004495a9","hash":"8c2f1afbc148eec598ad533f9349cb7121f56bb6"}
}
